<?xml version="1.0" encoding="UTF-8"?>
<!-- Generated by org.testng.reporters.JUnitReportReporter -->
<testsuite skipped="0" hostname="LAPTOP-NFM24RP9" name="com.projectTestsPackage.POM.tests.RegisterUserTest" tests="2" failures="0" timestamp="2020-03-28T19:58:48 COT" time="8.713" errors="0">
  <testcase name="goToRegisterPage" time="5.280" classname="com.projectTestsPackage.POM.tests.RegisterUserTest"/>
  <system-out/>
  <testcase name="registerAnUser" time="3.433" classname="com.projectTestsPackage.POM.tests.RegisterUserTest"/>
  <system-out/>
</testsuite> <!-- com.projectTestsPackage.POM.tests.RegisterUserTest -->
