<?xml version="1.0" encoding="UTF-8"?>
<!-- Generated by org.testng.reporters.JUnitReportReporter -->
<testsuite skipped="0" hostname="LAPTOP-NFM24RP9" name="com.projectTestsPackage.Advanced.LogsTest" tests="3" failures="0" timestamp="2020-03-28T19:58:48 COT" time="33.148" errors="0">
  <testcase name="LaunchBrowser" time="30.198" classname="com.projectTestsPackage.Advanced.LogsTest"/>
  <system-out/>
  <testcase name="TearDown" time="1.082" classname="com.projectTestsPackage.Advanced.LogsTest"/>
  <system-out/>
  <testcase name="BMICalculator" time="1.868" classname="com.projectTestsPackage.Advanced.LogsTest"/>
  <system-out/>
</testsuite> <!-- com.projectTestsPackage.Advanced.LogsTest -->
