<?xml version="1.0" encoding="UTF-8"?>
<!-- Generated by org.testng.reporters.JUnitReportReporter -->
<testsuite skipped="0" hostname="LAPTOP-NFM24RP9" name="com.projectTestsPackage.Advanced.RobotApi" tests="1" failures="0" timestamp="2020-03-28T20:02:20 COT" time="71.003" errors="0">
  <testcase name="RobotAPITest" time="71.003" classname="com.projectTestsPackage.Advanced.RobotApi"/>
  <system-out/>
</testsuite> <!-- com.projectTestsPackage.Advanced.RobotApi -->
